<?xml version="1.0" encoding="UTF-8"?>
<!-- Generated by org.testng.reporters.JUnitReportReporter -->
<testsuite hostname="pradips-mbp" failures="0" tests="1" name="tests.Tests" time="186.120" errors="0" timestamp="2024-06-29T15:45:56 NPT" skipped="0">
  <testcase classname="tests.Tests" name="Test1" time="186.120"/>
</testsuite> <!-- tests.Tests -->
