<?xml version="1.0" encoding="UTF-8"?>
<!-- Generated by org.testng.reporters.JUnitReportReporter -->
<testsuite hostname="pradips-mbp" failures="0" tests="1" name="tests.Tests" time="185.460" errors="0" timestamp="2024-06-28T22:19:07 NPT" skipped="0">
  <testcase classname="tests.Tests" name="Test1" time="185.460"/>
</testsuite> <!-- tests.Tests -->
